# JRE version: OpenJDK Runtime Environment (8.0_112-b06) (build 1.8.0_112-release-b06)
# Java VM: OpenJDK 64-Bit Server VM (25.112-b06 mixed mode windows-amd64 compressed oops)
Heap:
 PSYoungGen      total 347648K, used 193192K [0x00000000e0000000, 0x0000000100000000, 0x0000000100000000)
  eden space 181248K, 25% used [0x00000000e0000000,0x00000000e2d822a0,0x00000000eb100000)
  from space 166400K, 88% used [0x00000000eb100000,0x00000000f4028090,0x00000000f5380000)
  to   space 174592K, 0% used [0x00000000f5580000,0x00000000f5580000,0x0000000100000000)
 ParOldGen       total 775680K, used 486899K [0x00000000a0000000, 0x00000000cf580000, 0x00000000e0000000)
  object space 775680K, 62% used [0x00000000a0000000,0x00000000bdb7cca0,0x00000000cf580000)
 Metaspace       used 92509K, capacity 98570K, committed 98648K, reserved 1136640K
  class space    used 10926K, capacity 11828K, committed 11864K, reserved 1048576K
GC Heap History (10 events):
Event: 13419.216 GC heap before
{Heap before GC invocations=251 (full 22):
 PSYoungGen      total 349696K, used 257130K [0x00000000e0000000, 0x0000000100000000, 0x0000000100000000)
  eden space 175104K, 100% used [0x00000000e0000000,0x00000000eab00000,0x00000000eab00000)
  from space 174592K, 46% used [0x00000000f5580000,0x00000000fa59a920,0x0000000100000000)
  to   space 174592K, 0% used [0x00000000eab00000,0x00000000eab00000,0x00000000f5580000)
 ParOldGen       total 775680K, used 386205K [0x00000000a0000000, 0x00000000cf580000, 0x00000000e0000000)
  object space 775680K, 49% used [0x00000000a0000000,0x00000000b7927498,0x00000000cf580000)
 Metaspace       used 92378K, capacity 98354K, committed 98648K, reserved 1136640K
  class space    used 10912K, capacity 11784K, committed 11864K, reserved 1048576K
Event: 13419.283 GC heap after
Heap after GC invocations=251 (full 22):
 PSYoungGen      total 349696K, used 17177K [0x00000000e0000000, 0x0000000100000000, 0x0000000100000000)
  eden space 175104K, 0% used [0x00000000e0000000,0x00000000e0000000,0x00000000eab00000)
  from space 174592K, 9% used [0x00000000eab00000,0x00000000ebbc64e8,0x00000000f5580000)
  to   space 174592K, 0% used [0x00000000f5580000,0x00000000f5580000,0x0000000100000000)
 ParOldGen       total 775680K, used 458848K [0x00000000a0000000, 0x00000000cf580000, 0x00000000e0000000)
  object space 775680K, 59% used [0x00000000a0000000,0x00000000bc018338,0x00000000cf580000)
 Metaspace       used 92378K, capacity 98354K, committed 98648K, reserved 1136640K
  class space    used 10912K, capacity 11784K, committed 11864K, reserved 1048576K
}
Event: 13419.434 GC heap before
{Heap before GC invocations=252 (full 22):
 PSYoungGen      total 349696K, used 192281K [0x00000000e0000000, 0x0000000100000000, 0x0000000100000000)
  eden space 175104K, 100% used [0x00000000e0000000,0x00000000eab00000,0x00000000eab00000)
  from space 174592K, 9% used [0x00000000eab00000,0x00000000ebbc64e8,0x00000000f5580000)
  to   space 174592K, 0% used [0x00000000f5580000,0x00000000f5580000,0x0000000100000000)
 ParOldGen       total 775680K, used 458848K [0x00000000a0000000, 0x00000000cf580000, 0x00000000e0000000)
  object space 775680K, 59% used [0x00000000a0000000,0x00000000bc018338,0x00000000cf580000)
 Metaspace       used 92378K, capacity 98354K, committed 98648K, reserved 1136640K
  class space    used 10912K, capacity 11784K, committed 11864K, reserved 1048576K
Event: 13419.466 GC heap after
Heap after GC invocations=252 (full 22):
 PSYoungGen      total 345600K, used 32290K [0x00000000e0000000, 0x00000000ffc00000, 0x0000000100000000)
  eden space 175104K, 0% used [0x00000000e0000000,0x00000000e0000000,0x00000000eab00000)
  from space 170496K, 18% used [0x00000000f5580000,0x00000000f7508b28,0x00000000ffc00000)
  to   space 172544K, 0% used [0x00000000eab00000,0x00000000eab00000,0x00000000f5380000)
 ParOldGen       total 775680K, used 471202K [0x00000000a0000000, 0x00000000cf580000, 0x00000000e0000000)
  object space 775680K, 60% used [0x00000000a0000000,0x00000000bcc28a98,0x00000000cf580000)
 Metaspace       used 92378K, capacity 98354K, committed 98648K, reserved 1136640K
  class space    used 10912K, capacity 11784K, committed 11864K, reserved 1048576K
}
Event: 23372.578 GC heap before
{Heap before GC invocations=253 (full 22):
 PSYoungGen      total 345600K, used 207394K [0x00000000e0000000, 0x00000000ffc00000, 0x0000000100000000)
  eden space 175104K, 100% used [0x00000000e0000000,0x00000000eab00000,0x00000000eab00000)
  from space 170496K, 18% used [0x00000000f5580000,0x00000000f7508b28,0x00000000ffc00000)
  to   space 172544K, 0% used [0x00000000eab00000,0x00000000eab00000,0x00000000f5380000)
 ParOldGen       total 775680K, used 471202K [0x00000000a0000000, 0x00000000cf580000, 0x00000000e0000000)
  object space 775680K, 60% used [0x00000000a0000000,0x00000000bcc28a98,0x00000000cf580000)
 Metaspace       used 92384K, capacity 98354K, committed 98648K, reserved 1136640K
  class space    used 10914K, capacity 11784K, committed 11864K, reserved 1048576K
Event: 23372.620 GC heap after
Heap after GC invocations=253 (full 22):
 PSYoungGen      total 347648K, used 7787K [0x00000000e0000000, 0x00000000ffe00000, 0x0000000100000000)
  eden space 175104K, 0% used [0x00000000e0000000,0x00000000e0000000,0x00000000eab00000)
  from space 172544K, 4% used [0x00000000eab00000,0x00000000eb29ad60,0x00000000f5380000)
  to   space 170496K, 0% used [0x00000000f5780000,0x00000000f5780000,0x00000000ffe00000)
 ParOldGen       total 775680K, used 479974K [0x00000000a0000000, 0x00000000cf580000, 0x00000000e0000000)
  object space 775680K, 61% used [0x00000000a0000000,0x00000000bd4b9b80,0x00000000cf580000)
 Metaspace       used 92384K, capacity 98354K, committed 98648K, reserved 1136640K
  class space    used 10914K, capacity 11784K, committed 11864K, reserved 1048576K
}
Event: 23383.119 GC heap before
{Heap before GC invocations=254 (full 22):
 PSYoungGen      total 347648K, used 182891K [0x00000000e0000000, 0x00000000ffe00000, 0x0000000100000000)
  eden space 175104K, 100% used [0x00000000e0000000,0x00000000eab00000,0x00000000eab00000)
  from space 172544K, 4% used [0x00000000eab00000,0x00000000eb29ad60,0x00000000f5380000)
  to   space 170496K, 0% used [0x00000000f5780000,0x00000000f5780000,0x00000000ffe00000)
 ParOldGen       total 775680K, used 479974K [0x00000000a0000000, 0x00000000cf580000, 0x00000000e0000000)
  object space 775680K, 61% used [0x00000000a0000000,0x00000000bd4b9b80,0x00000000cf580000)
 Metaspace       used 92508K, capacity 98570K, committed 98648K, reserved 1136640K
  class space    used 10926K, capacity 11828K, committed 11864K, reserved 1048576K
Event: 23383.158 GC heap after
Heap after GC invocations=254 (full 22):
 PSYoungGen      total 343552K, used 12566K [0x00000000e0000000, 0x00000000ff600000, 0x0000000100000000)
  eden space 181248K, 0% used [0x00000000e0000000,0x00000000e0000000,0x00000000eb100000)
  from space 162304K, 7% used [0x00000000f5780000,0x00000000f63c5818,0x00000000ff600000)
  to   space 166400K, 0% used [0x00000000eb100000,0x00000000eb100000,0x00000000f5380000)
 ParOldGen       total 775680K, used 486899K [0x00000000a0000000, 0x00000000cf580000, 0x00000000e0000000)
  object space 775680K, 62% used [0x00000000a0000000,0x00000000bdb7cca0,0x00000000cf580000)
 Metaspace       used 92508K, capacity 98570K, committed 98648K, reserved 1136640K
  class space    used 10926K, capacity 11828K, committed 11864K, reserved 1048576K
}
Event: 23383.737 GC heap before
{Heap before GC invocations=255 (full 22):
 PSYoungGen      total 343552K, used 193814K [0x00000000e0000000, 0x00000000ff600000, 0x0000000100000000)
  eden space 181248K, 100% used [0x00000000e0000000,0x00000000eb100000,0x00000000eb100000)
  from space 162304K, 7% used [0x00000000f5780000,0x00000000f63c5818,0x00000000ff600000)
  to   space 166400K, 0% used [0x00000000eb100000,0x00000000eb100000,0x00000000f5380000)
 ParOldGen       total 775680K, used 486899K [0x00000000a0000000, 0x00000000cf580000, 0x00000000e0000000)
  object space 775680K, 62% used [0x00000000a0000000,0x00000000bdb7cca0,0x00000000cf580000)
 Metaspace       used 92509K, capacity 98570K, committed 98648K, reserved 1136640K
  class space    used 10926K, capacity 11828K, committed 11864K, reserved 1048576K
Event: 23383.865 GC heap after
Heap after GC invocations=255 (full 22):
 PSYoungGen      total 347648K, used 146592K [0x00000000e0000000, 0x0000000100000000, 0x0000000100000000)
  eden space 181248K, 0% used [0x00000000e0000000,0x00000000e0000000,0x00000000eb100000)
  from space 166400K, 88% used [0x00000000eb100000,0x00000000f4028090,0x00000000f5380000)
  to   space 174592K, 0% used [0x00000000f5580000,0x00000000f5580000,0x0000000100000000)
 ParOldGen       total 775680K, used 486899K [0x00000000a0000000, 0x00000000cf580000, 0x00000000e0000000)
  object space 775680K, 62% used [0x00000000a0000000,0x00000000bdb7cca0,0x00000000cf580000)
 Metaspace       used 92509K, capacity 98570K, committed 98648K, reserved 1136640K
  class space    used 10926K, capacity 11828K, committed 11864K, reserved 1048576K
}

